The system is: Windows - 10.0.19045 - AMD64
Compiling the C compiler identification source file "CMakeCCompilerId.c" succeeded.
Compiler: C:/Program Files (x86)/Microsoft Visual Studio/2019/Community/VC/Tools/MSVC/14.29.30133/bin/Hostx86/x86/cl.exe 
Build flags: 
Id flags:  

The output was:
0
Оптимизирующий компилятор Microsoft (R) C/C++ версии 19.29.30148 для x86
(C) Корпорация Майкрософт (Microsoft Corporation).  Все права защищены.

CMakeCCompilerId.c
Microsoft (R) Incremental Linker Version 14.29.30148.0
Copyright (C) Microsoft Corporation.  All rights reserved.

/out:CMakeCCompilerId.exe 
CMakeCCompilerId.obj 


Compilation of the C compiler identification source "CMakeCCompilerId.c" produced "CMakeCCompilerId.exe"

Compilation of the C compiler identification source "CMakeCCompilerId.c" produced "CMakeCCompilerId.obj"

The C compiler identification is MSVC, found in "C:/visualstudio/BinaryTreeOnArray/cmake-build-debug/CMakeFiles/3.24.2/CompilerIdC/CMakeCCompilerId.exe"

Compiling the CXX compiler identification source file "CMakeCXXCompilerId.cpp" succeeded.
Compiler: C:/Program Files (x86)/Microsoft Visual Studio/2019/Community/VC/Tools/MSVC/14.29.30133/bin/Hostx86/x86/cl.exe 
Build flags: 
Id flags:  

The output was:
0
Оптимизирующий компилятор Microsoft (R) C/C++ версии 19.29.30148 для x86
(C) Корпорация Майкрософт (Microsoft Corporation).  Все права защищены.

CMakeCXXCompilerId.cpp
Microsoft (R) Incremental Linker Version 14.29.30148.0
Copyright (C) Microsoft Corporation.  All rights reserved.

/out:CMakeCXXCompilerId.exe 
CMakeCXXCompilerId.obj 


Compilation of the CXX compiler identification source "CMakeCXXCompilerId.cpp" produced "CMakeCXXCompilerId.exe"

Compilation of the CXX compiler identification source "CMakeCXXCompilerId.cpp" produced "CMakeCXXCompilerId.obj"

The CXX compiler identification is MSVC, found in "C:/visualstudio/BinaryTreeOnArray/cmake-build-debug/CMakeFiles/3.24.2/CompilerIdCXX/CMakeCXXCompilerId.exe"

Detecting C compiler ABI info compiled with the following output:
Change Dir: C:/visualstudio/BinaryTreeOnArray/cmake-build-debug/CMakeFiles/CMakeTmp

Run Build Command(s):C:/download/CLion 2021.2.2/bin/ninja/win/x64/ninja.exe cmTC_c7edf && [1/2] Building C object CMakeFiles\cmTC_c7edf.dir\CMakeCCompilerABI.c.obj
Примечание: включение файла:  C:\download\CLion 2021.2.2\bin\cmake\win\x64\share\cmake-3.24\Modules\CMakeCompilerABI.h
[2/2] Linking C executable cmTC_c7edf.exe



Detecting CXX compiler ABI info compiled with the following output:
Change Dir: C:/visualstudio/BinaryTreeOnArray/cmake-build-debug/CMakeFiles/CMakeTmp

Run Build Command(s):C:/download/CLion 2021.2.2/bin/ninja/win/x64/ninja.exe cmTC_4750d && [1/2] Building CXX object CMakeFiles\cmTC_4750d.dir\CMakeCXXCompilerABI.cpp.obj
Примечание: включение файла:  C:\download\CLion 2021.2.2\bin\cmake\win\x64\share\cmake-3.24\Modules\CMakeCompilerABI.h
[2/2] Linking CXX executable cmTC_4750d.exe



